<?xml version="1.0" encoding="UTF-8" ?>
<testsuite tests="1" failures="0" name="step_definitions.RunCukesTest" time="11.563" errors="1" skipped="0">
  <properties>
[...]
</properties>
  <testcase classname="Update mentee" name="Update mentee" time="11.563">
    <error message="invalid selector: Unable to locate an element with the xpath expression tbody &gt; tr:nth-of-type(1) [d=&apos;M880 836H144c-17.7 0-32 14.3-32 32v36c0 4.4 3.6 8 8 8h784c4.4 0 8-3.6 8-8v-36c0-17.7-14.3-32-32-32zm-622.3-84c2 0 4-.2 6-.5L431.9 722c2-.4 3.9-1.3 5.3-2.8l423.9-423.9a9.96 9.96 0 0 0 0-14.1L694.9 114.9c-1.9-1.9-4.4-2.9-7.1-2.9s-5.2 1-7.1 2.9L256.8 538.8c-1.5 1.5-2.4 3.3-2.8 5.3l-29.5 168.2a33.5 33.5 0 0 0 9.4 29.8c6.6 6.4 14.9 9.9 23.8 9.9z&apos;] because of the following error:
SyntaxError: Failed to execute &apos;evaluate&apos; on &apos;Document&apos;: The string &apos;tbody &gt; tr:nth-of-type(1) [d=&apos;M880 836H144c-17.7 0-32 14.3-32 32v36c0 4.4 3.6 8 8 8h784c4.4 0 8-3.6 8-8v-36c0-17.7-14.3-32-32-32zm-622.3-84c2 0 4-.2 6-.5L431.9 722c2-.4 3.9-1.3 5.3-2.8l423.9-423.9a9.96 9.96 0 0 0 0-14.1L694.9 114.9c-1.9-1.9-4.4-2.9-7.1-2.9s-5.2 1-7.1 2.9L256.8 538.8c-1.5 1.5-2.4 3.3-2.8 5.3l-29.5 168.2a33.5 33.5 0 0 0 9.4 29.8c6.6 6.4 14.9 9.9 23.8 9.9z&apos;]&apos; is not a valid XPath expression.
  (Session info: MicrosoftEdge=111.0.1661.43)
For documentation on this error, please visit: https://selenium.dev/exceptions/#invalid_selector_exception
Build info: version: &apos;4.8.0&apos;, revision: &apos;267030adea&apos;
System info: os.name: &apos;Windows 10&apos;, os.arch: &apos;amd64&apos;, os.version: &apos;10.0&apos;, java.version: &apos;15.0.2&apos;
Driver info: org.openqa.selenium.edge.EdgeDriver
Command: [a1df021d4128d5547feda44cfbc98bb7, findElement {using=xpath, value=tbody &gt; tr:nth-of-type(1) [d=&apos;M880 836H144c-17.7 0-32 14.3-32 32v36c0 4.4 3.6 8 8 8h784c4.4 0 8-3.6 8-8v-36c0-17.7-14.3-32-32-32zm-622.3-84c2 0 4-.2 6-.5L431.9 722c2-.4 3.9-1.3 5.3-2.8l423.9-423.9a9.96 9.96 0 0 0 0-14.1L694.9 114.9c-1.9-1.9-4.4-2.9-7.1-2.9s-5.2 1-7.1 2.9L256.8 538.8c-1.5 1.5-2.4 3.3-2.8 5.3l-29.5 168.2a33.5 33.5 0 0 0 9.4 29.8c6.6 6.4 14.9 9.9 23.8 9.9z&apos;]}]
Capabilities {acceptInsecureCerts: false, browserName: msedge, browserVersion: 111.0.1661.43, ms:edgeOptions: {debuggerAddress: localhost:3444}, msedge: {msedgedriverVersion: 111.0.1661.43 (b6e9cbf64f5a..., userDataDir: C:\Users\mafaa\AppData\Loca...}, networkConnectionEnabled: false, pageLoadStrategy: normal, platformName: WINDOWS, proxy: Proxy(), se:cdp: ws://localhost:3444/devtool..., se:cdpVersion: 111.0.1661.43, setWindowRect: true, strictFileInteractability: false, timeouts: {implicit: 0, pageLoad: 300000, script: 30000}, unhandledPromptBehavior: dismiss and notify, webauthn:extension:credBlob: true, webauthn:extension:largeBlob: true, webauthn:extension:minPinLength: true, webauthn:extension:prf: true, webauthn:virtualAuthenticators: true}
Session ID: a1df021d4128d5547feda44cfbc98bb7" type="org.openqa.selenium.InvalidSelectorException">org.openqa.selenium.InvalidSelectorException: invalid selector: Unable to locate an element with the xpath expression tbody &gt; tr:nth-of-type(1) [d=&apos;M880 836H144c-17.7 0-32 14.3-32 32v36c0 4.4 3.6 8 8 8h784c4.4 0 8-3.6 8-8v-36c0-17.7-14.3-32-32-32zm-622.3-84c2 0 4-.2 6-.5L431.9 722c2-.4 3.9-1.3 5.3-2.8l423.9-423.9a9.96 9.96 0 0 0 0-14.1L694.9 114.9c-1.9-1.9-4.4-2.9-7.1-2.9s-5.2 1-7.1 2.9L256.8 538.8c-1.5 1.5-2.4 3.3-2.8 5.3l-29.5 168.2a33.5 33.5 0 0 0 9.4 29.8c6.6 6.4 14.9 9.9 23.8 9.9z&apos;] because of the following error:
SyntaxError: Failed to execute &apos;evaluate&apos; on &apos;Document&apos;: The string &apos;tbody &gt; tr:nth-of-type(1) [d=&apos;M880 836H144c-17.7 0-32 14.3-32 32v36c0 4.4 3.6 8 8 8h784c4.4 0 8-3.6 8-8v-36c0-17.7-14.3-32-32-32zm-622.3-84c2 0 4-.2 6-.5L431.9 722c2-.4 3.9-1.3 5.3-2.8l423.9-423.9a9.96 9.96 0 0 0 0-14.1L694.9 114.9c-1.9-1.9-4.4-2.9-7.1-2.9s-5.2 1-7.1 2.9L256.8 538.8c-1.5 1.5-2.4 3.3-2.8 5.3l-29.5 168.2a33.5 33.5 0 0 0 9.4 29.8c6.6 6.4 14.9 9.9 23.8 9.9z&apos;]&apos; is not a valid XPath expression.
  (Session info: MicrosoftEdge=111.0.1661.43)
For documentation on this error, please visit: https://selenium.dev/exceptions/#invalid_selector_exception
Build info: version: &apos;4.8.0&apos;, revision: &apos;267030adea&apos;
System info: os.name: &apos;Windows 10&apos;, os.arch: &apos;amd64&apos;, os.version: &apos;10.0&apos;, java.version: &apos;15.0.2&apos;
Driver info: org.openqa.selenium.edge.EdgeDriver
Command: [a1df021d4128d5547feda44cfbc98bb7, findElement {using=xpath, value=tbody &gt; tr:nth-of-type(1) [d=&apos;M880 836H144c-17.7 0-32 14.3-32 32v36c0 4.4 3.6 8 8 8h784c4.4 0 8-3.6 8-8v-36c0-17.7-14.3-32-32-32zm-622.3-84c2 0 4-.2 6-.5L431.9 722c2-.4 3.9-1.3 5.3-2.8l423.9-423.9a9.96 9.96 0 0 0 0-14.1L694.9 114.9c-1.9-1.9-4.4-2.9-7.1-2.9s-5.2 1-7.1 2.9L256.8 538.8c-1.5 1.5-2.4 3.3-2.8 5.3l-29.5 168.2a33.5 33.5 0 0 0 9.4 29.8c6.6 6.4 14.9 9.9 23.8 9.9z&apos;]}]
Capabilities {acceptInsecureCerts: false, browserName: msedge, browserVersion: 111.0.1661.43, ms:edgeOptions: {debuggerAddress: localhost:3444}, msedge: {msedgedriverVersion: 111.0.1661.43 (b6e9cbf64f5a..., userDataDir: C:\Users\mafaa\AppData\Loca...}, networkConnectionEnabled: false, pageLoadStrategy: normal, platformName: WINDOWS, proxy: Proxy(), se:cdp: ws://localhost:3444/devtool..., se:cdpVersion: 111.0.1661.43, setWindowRect: true, strictFileInteractability: false, timeouts: {implicit: 0, pageLoad: 300000, script: 30000}, unhandledPromptBehavior: dismiss and notify, webauthn:extension:credBlob: true, webauthn:extension:largeBlob: true, webauthn:extension:minPinLength: true, webauthn:extension:prf: true, webauthn:virtualAuthenticators: true}
Session ID: a1df021d4128d5547feda44cfbc98bb7
	at java.base/jdk.internal.reflect.NativeConstructorAccessorImpl.newInstance0(Native Method)
	at java.base/jdk.internal.reflect.NativeConstructorAccessorImpl.newInstance(NativeConstructorAccessorImpl.java:64)
	at java.base/jdk.internal.reflect.DelegatingConstructorAccessorImpl.newInstance(DelegatingConstructorAccessorImpl.java:45)
	at java.base/java.lang.reflect.Constructor.newInstanceWithCaller(Constructor.java:500)
	at java.base/java.lang.reflect.Constructor.newInstance(Constructor.java:481)
	at org.openqa.selenium.remote.codec.w3c.W3CHttpResponseCodec.createException(W3CHttpResponseCodec.java:200)
	at org.openqa.selenium.remote.codec.w3c.W3CHttpResponseCodec.decode(W3CHttpResponseCodec.java:133)
	at org.openqa.selenium.remote.codec.w3c.W3CHttpResponseCodec.decode(W3CHttpResponseCodec.java:53)
	at org.openqa.selenium.remote.HttpCommandExecutor.execute(HttpCommandExecutor.java:184)
	at org.openqa.selenium.remote.service.DriverCommandExecutor.invokeExecute(DriverCommandExecutor.java:167)
	at org.openqa.selenium.remote.service.DriverCommandExecutor.execute(DriverCommandExecutor.java:142)
	at org.openqa.selenium.remote.RemoteWebDriver.execute(RemoteWebDriver.java:543)
	at org.openqa.selenium.remote.ElementLocation$ElementFinder$2.findElement(ElementLocation.java:162)
	at org.openqa.selenium.remote.ElementLocation.findElement(ElementLocation.java:60)
	at org.openqa.selenium.remote.RemoteWebDriver.findElement(RemoteWebDriver.java:352)
	at org.openqa.selenium.remote.RemoteWebDriver.findElement(RemoteWebDriver.java:344)
	at org.openqa.selenium.support.pagefactory.DefaultElementLocator.findElement(DefaultElementLocator.java:70)
	at org.openqa.selenium.support.pagefactory.internal.LocatingElementHandler.invoke(LocatingElementHandler.java:39)
	at com.sun.proxy.$Proxy24.click(Unknown Source)
	at locator.mentee.UpdatePage.pencilIcon(UpdatePage.java:40)
	at step_definitions.mentee.UpdateSteps.userClickPencilIcon(UpdateSteps.java:20)
	at ✽.User click pencil icon(classpath:features//mentee/Update.feature:9)
</error>
    <system-out>
@Update
Scenario: Update mentee                                                                           &amp;#27;[90m# features//mentee/Update.feature:5&amp;#27;[0m
  &amp;#27;[32mGiven &amp;#27;[0m&amp;#27;[32mUser already in landing page&amp;#27;[0m                                                              &amp;#27;[90m# step_definitions.LogInOutSteps.userAlreadyInLandingPage()&amp;#27;[0m
  &amp;#27;[32mWhen &amp;#27;[0m&amp;#27;[32mUser input &amp;#27;[0m&amp;#27;[32m&amp;#27;[1m&quot;admin@alta.com&quot;&amp;#27;[0m&amp;#27;[32m as email and &amp;#27;[0m&amp;#27;[32m&amp;#27;[1m&quot;admin&quot;&amp;#27;[0m&amp;#27;[32m as password&amp;#27;[0m                               &amp;#27;[90m# step_definitions.LogInOutSteps.userInputAsEmailAndAsPassword(java.lang.String,java.lang.String)&amp;#27;[0m
  &amp;#27;[32mAnd &amp;#27;[0m&amp;#27;[32mUser already mentee page&amp;#27;[0m                                                                    &amp;#27;[90m# step_definitions.mentee.CreateSteps.userAlreadyMenteePage()&amp;#27;[0m
  &amp;#27;[31mAnd &amp;#27;[0m&amp;#27;[31mUser click pencil icon&amp;#27;[0m                                                                      &amp;#27;[90m# step_definitions.mentee.UpdateSteps.userClickPencilIcon()&amp;#27;[0m
      &amp;#27;[31morg.openqa.selenium.InvalidSelectorException: invalid selector: Unable to locate an element with the xpath expression tbody &gt; tr:nth-of-type(1) [d=&apos;M880 836H144c-17.7 0-32 14.3-32 32v36c0 4.4 3.6 8 8 8h784c4.4 0 8-3.6 8-8v-36c0-17.7-14.3-32-32-32zm-622.3-84c2 0 4-.2 6-.5L431.9 722c2-.4 3.9-1.3 5.3-2.8l423.9-423.9a9.96 9.96 0 0 0 0-14.1L694.9 114.9c-1.9-1.9-4.4-2.9-7.1-2.9s-5.2 1-7.1 2.9L256.8 538.8c-1.5 1.5-2.4 3.3-2.8 5.3l-29.5 168.2a33.5 33.5 0 0 0 9.4 29.8c6.6 6.4 14.9 9.9 23.8 9.9z&apos;] because of the following error:
SyntaxError: Failed to execute &apos;evaluate&apos; on &apos;Document&apos;: The string &apos;tbody &gt; tr:nth-of-type(1) [d=&apos;M880 836H144c-17.7 0-32 14.3-32 32v36c0 4.4 3.6 8 8 8h784c4.4 0 8-3.6 8-8v-36c0-17.7-14.3-32-32-32zm-622.3-84c2 0 4-.2 6-.5L431.9 722c2-.4 3.9-1.3 5.3-2.8l423.9-423.9a9.96 9.96 0 0 0 0-14.1L694.9 114.9c-1.9-1.9-4.4-2.9-7.1-2.9s-5.2 1-7.1 2.9L256.8 538.8c-1.5 1.5-2.4 3.3-2.8 5.3l-29.5 168.2a33.5 33.5 0 0 0 9.4 29.8c6.6 6.4 14.9 9.9 23.8 9.9z&apos;]&apos; is not a valid XPath expression.
  (Session info: MicrosoftEdge=111.0.1661.43)
For documentation on this error, please visit: https://selenium.dev/exceptions/#invalid_selector_exception
Build info: version: &apos;4.8.0&apos;, revision: &apos;267030adea&apos;
System info: os.name: &apos;Windows 10&apos;, os.arch: &apos;amd64&apos;, os.version: &apos;10.0&apos;, java.version: &apos;15.0.2&apos;
Driver info: org.openqa.selenium.edge.EdgeDriver
Command: [a1df021d4128d5547feda44cfbc98bb7, findElement {using=xpath, value=tbody &gt; tr:nth-of-type(1) [d=&apos;M880 836H144c-17.7 0-32 14.3-32 32v36c0 4.4 3.6 8 8 8h784c4.4 0 8-3.6 8-8v-36c0-17.7-14.3-32-32-32zm-622.3-84c2 0 4-.2 6-.5L431.9 722c2-.4 3.9-1.3 5.3-2.8l423.9-423.9a9.96 9.96 0 0 0 0-14.1L694.9 114.9c-1.9-1.9-4.4-2.9-7.1-2.9s-5.2 1-7.1 2.9L256.8 538.8c-1.5 1.5-2.4 3.3-2.8 5.3l-29.5 168.2a33.5 33.5 0 0 0 9.4 29.8c6.6 6.4 14.9 9.9 23.8 9.9z&apos;]}]
Capabilities {acceptInsecureCerts: false, browserName: msedge, browserVersion: 111.0.1661.43, ms:edgeOptions: {debuggerAddress: localhost:3444}, msedge: {msedgedriverVersion: 111.0.1661.43 (b6e9cbf64f5a..., userDataDir: C:\Users\mafaa\AppData\Loca...}, networkConnectionEnabled: false, pageLoadStrategy: normal, platformName: WINDOWS, proxy: Proxy(), se:cdp: ws://localhost:3444/devtool..., se:cdpVersion: 111.0.1661.43, setWindowRect: true, strictFileInteractability: false, timeouts: {implicit: 0, pageLoad: 300000, script: 30000}, unhandledPromptBehavior: dismiss and notify, webauthn:extension:credBlob: true, webauthn:extension:largeBlob: true, webauthn:extension:minPinLength: true, webauthn:extension:prf: true, webauthn:virtualAuthenticators: true}
Session ID: a1df021d4128d5547feda44cfbc98bb7
	at java.base/jdk.internal.reflect.NativeConstructorAccessorImpl.newInstance0(Native Method)
	at java.base/jdk.internal.reflect.NativeConstructorAccessorImpl.newInstance(NativeConstructorAccessorImpl.java:64)
	at java.base/jdk.internal.reflect.DelegatingConstructorAccessorImpl.newInstance(DelegatingConstructorAccessorImpl.java:45)
	at java.base/java.lang.reflect.Constructor.newInstanceWithCaller(Constructor.java:500)
	at java.base/java.lang.reflect.Constructor.newInstance(Constructor.java:481)
	at org.openqa.selenium.remote.codec.w3c.W3CHttpResponseCodec.createException(W3CHttpResponseCodec.java:200)
	at org.openqa.selenium.remote.codec.w3c.W3CHttpResponseCodec.decode(W3CHttpResponseCodec.java:133)
	at org.openqa.selenium.remote.codec.w3c.W3CHttpResponseCodec.decode(W3CHttpResponseCodec.java:53)
	at org.openqa.selenium.remote.HttpCommandExecutor.execute(HttpCommandExecutor.java:184)
	at org.openqa.selenium.remote.service.DriverCommandExecutor.invokeExecute(DriverCommandExecutor.java:167)
	at org.openqa.selenium.remote.service.DriverCommandExecutor.execute(DriverCommandExecutor.java:142)
	at org.openqa.selenium.remote.RemoteWebDriver.execute(RemoteWebDriver.java:543)
	at org.openqa.selenium.remote.ElementLocation$ElementFinder$2.findElement(ElementLocation.java:162)
	at org.openqa.selenium.remote.ElementLocation.findElement(ElementLocation.java:60)
	at org.openqa.selenium.remote.RemoteWebDriver.findElement(RemoteWebDriver.java:352)
	at org.openqa.selenium.remote.RemoteWebDriver.findElement(RemoteWebDriver.java:344)
	at org.openqa.selenium.support.pagefactory.DefaultElementLocator.findElement(DefaultElementLocator.java:70)
	at org.openqa.selenium.support.pagefactory.internal.LocatingElementHandler.invoke(LocatingElementHandler.java:39)
	at com.sun.proxy.$Proxy24.click(Unknown Source)
	at locator.mentee.UpdatePage.pencilIcon(UpdatePage.java:40)
	at step_definitions.mentee.UpdateSteps.userClickPencilIcon(UpdateSteps.java:20)
	at ✽.User click pencil icon(classpath:features//mentee/Update.feature:9)
&amp;#27;[0m
  &amp;#27;[36mThen &amp;#27;[0m&amp;#27;[36mUpdate &amp;#27;[0m&amp;#27;[36m&amp;#27;[1m&quot;Syntia&quot;&amp;#27;[0m&amp;#27;[36m as name &amp;#27;[0m&amp;#27;[36m&amp;#27;[1m&quot;Placement&quot;&amp;#27;[0m&amp;#27;[36m as status Non-informatics as category female as gender&amp;#27;[0m &amp;#27;[90m# step_definitions.mentee.UpdateSteps.updateAsNameAsStatusNonInformaticsAsCategoryFemaleAsGender(java.lang.String,java.lang.String)&amp;#27;[0m
  &amp;#27;[36mAnd &amp;#27;[0m&amp;#27;[36mClick save button&amp;#27;[0m                                                                           &amp;#27;[90m# step_definitions.mentee.CreateSteps.clickSaveButton()&amp;#27;[0m
  &amp;#27;[36mThen &amp;#27;[0m&amp;#27;[36mUser already add in mentee list&amp;#27;[0m                                                            &amp;#27;[90m# step_definitions.mentee.UpdateSteps.userAlreadyAddInMenteeList()&amp;#27;[0m
</system-out>
    <system-err>SLF4J: No SLF4J providers were found.
SLF4J: Defaulting to no-operation (NOP) logger implementation
SLF4J: See https://www.slf4j.org/codes.html#noProviders for further details.
Starting Microsoft Edge WebDriver 111.0.1661.43 (b6e9cbf64f5a49997370859b5c1c28a3a25b3477) on port 29566
To submit feedback, report a bug, or suggest new features, please visit https://github.com/MicrosoftEdge/EdgeWebDriver

Only local connections are allowed.
Please see https://aka.ms/WebDriverSecurity for suggestions on keeping Microsoft Edge WebDriver safe.

Microsoft Edge WebDriver was started successfully.
Mar 17, 2023 1:24:25 PM org.openqa.selenium.devtools.CdpVersionFinder findNearestMatch
WARNING: Unable to find an exact match for CDP version 111, so returning the closest version found: 109
</system-err>
  </testcase>
</testsuite>