<?xml version="1.0" encoding="UTF-8" ?>
<testsuite tests="3" failures="0" name="step_definitions.RunCukesTest" time="35.334" errors="3" skipped="0">
  <properties>
[...]
</properties>
  <testcase classname="Create Class" name="Admin create new class #1" time="13.707">
    <error message="Cannot locate option with text: Naruto Uzumaki
For documentation on this error, please visit: https://selenium.dev/exceptions/#no_such_element
Build info: version: &apos;4.8.0&apos;, revision: &apos;267030adea&apos;
System info: os.name: &apos;Windows 10&apos;, os.arch: &apos;amd64&apos;, os.version: &apos;10.0&apos;, java.version: &apos;15.0.2&apos;
Driver info: driver.version: unknown" type="org.openqa.selenium.NoSuchElementException">org.openqa.selenium.NoSuchElementException: Cannot locate option with text: Naruto Uzumaki
For documentation on this error, please visit: https://selenium.dev/exceptions/#no_such_element
Build info: version: &apos;4.8.0&apos;, revision: &apos;267030adea&apos;
System info: os.name: &apos;Windows 10&apos;, os.arch: &apos;amd64&apos;, os.version: &apos;10.0&apos;, java.version: &apos;15.0.2&apos;
Driver info: driver.version: unknown
	at org.openqa.selenium.support.ui.Select.selectByVisibleText(Select.java:153)
	at locator.classs.ClassPage.setMentorName(ClassPage.java:57)
	at step_definitions.classs.AdminClassStepDef.superAdminChooseMentor(AdminClassStepDef.java:41)
	at ✽.Super Admin choose mentor &quot;Naruto Uzumaki&quot;(classpath:features//class/AdminCreateClass.feature:13)
</error>
    <system-out>
@Automate @AdminCreate
Scenario Outline: Admin create new class                            &amp;#27;[90m# features//class/AdminCreateClass.feature:20&amp;#27;[0m
  &amp;#27;[32mGiven &amp;#27;[0m&amp;#27;[32mUser already in landing page&amp;#27;[0m                                &amp;#27;[90m# step_definitions.LogInOutSteps.userAlreadyInLandingPage()&amp;#27;[0m
  &amp;#27;[32mWhen &amp;#27;[0m&amp;#27;[32mUser input &amp;#27;[0m&amp;#27;[32m&amp;#27;[1m&quot;admin@alta.com&quot;&amp;#27;[0m&amp;#27;[32m as email and &amp;#27;[0m&amp;#27;[32m&amp;#27;[1m&quot;admin&quot;&amp;#27;[0m&amp;#27;[32m as password&amp;#27;[0m &amp;#27;[90m# step_definitions.LogInOutSteps.userInputAsEmailAndAsPassword(java.lang.String,java.lang.String)&amp;#27;[0m
  &amp;#27;[32mThen &amp;#27;[0m&amp;#27;[32mUser already in dashboard page&amp;#27;[0m                               &amp;#27;[90m# step_definitions.LogInOutSteps.userAlreadyInDashboardPage()&amp;#27;[0m
  &amp;#27;[32mThen &amp;#27;[0m&amp;#27;[32mSuper Admin click button of class page&amp;#27;[0m                       &amp;#27;[90m# step_definitions.classs.AdminClassStepDef.superAdminClickButtonOfClassPage()&amp;#27;[0m
  &amp;#27;[32mThen &amp;#27;[0m&amp;#27;[32mSuper Admin click add delete button&amp;#27;[0m                          &amp;#27;[90m# step_definitions.classs.AdminClassStepDef.superAdminClickAddDeleteButton()&amp;#27;[0m
  &amp;#27;[32mThen &amp;#27;[0m&amp;#27;[32mSuper Admin click add new button&amp;#27;[0m                             &amp;#27;[90m# step_definitions.classs.AdminClassStepDef.superAdminClickAddNewButton()&amp;#27;[0m
  &amp;#27;[32mThen &amp;#27;[0m&amp;#27;[32mSuper Admin input &amp;#27;[0m&amp;#27;[32m&amp;#27;[1m&quot;QE Batch 9&quot;&amp;#27;[0m                               &amp;#27;[90m# step_definitions.classs.AdminClassStepDef.superAdminInput(java.lang.String)&amp;#27;[0m
  &amp;#27;[31mAnd &amp;#27;[0m&amp;#27;[31mSuper Admin choose mentor &amp;#27;[0m&amp;#27;[31m&amp;#27;[1m&quot;Naruto Uzumaki&quot;&amp;#27;[0m                    &amp;#27;[90m# step_definitions.classs.AdminClassStepDef.superAdminChooseMentor(java.lang.String)&amp;#27;[0m
      &amp;#27;[31morg.openqa.selenium.NoSuchElementException: Cannot locate option with text: Naruto Uzumaki
For documentation on this error, please visit: https://selenium.dev/exceptions/#no_such_element
Build info: version: &apos;4.8.0&apos;, revision: &apos;267030adea&apos;
System info: os.name: &apos;Windows 10&apos;, os.arch: &apos;amd64&apos;, os.version: &apos;10.0&apos;, java.version: &apos;15.0.2&apos;
Driver info: driver.version: unknown
	at org.openqa.selenium.support.ui.Select.selectByVisibleText(Select.java:153)
	at locator.classs.ClassPage.setMentorName(ClassPage.java:57)
	at step_definitions.classs.AdminClassStepDef.superAdminChooseMentor(AdminClassStepDef.java:41)
	at ✽.Super Admin choose mentor &quot;Naruto Uzumaki&quot;(classpath:features//class/AdminCreateClass.feature:13)
&amp;#27;[0m
  &amp;#27;[36mAnd &amp;#27;[0m&amp;#27;[36mSuper Admin choose mulai &amp;#27;[0m&amp;#27;[36m&amp;#27;[1m&quot;03/01/2023&quot;&amp;#27;[0m                         &amp;#27;[90m# step_definitions.classs.AdminClassStepDef.superAdminChooseMulai(java.lang.String)&amp;#27;[0m
  &amp;#27;[36mAnd &amp;#27;[0m&amp;#27;[36mSuper Admin choose akhir &amp;#27;[0m&amp;#27;[36m&amp;#27;[1m&quot;03/31/2023&quot;&amp;#27;[0m                         &amp;#27;[90m# step_definitions.classs.AdminClassStepDef.superAdminChooseAkhir(java.lang.String)&amp;#27;[0m
  &amp;#27;[36mThen &amp;#27;[0m&amp;#27;[36mSuper Admin click save button&amp;#27;[0m                                &amp;#27;[90m# step_definitions.classs.AdminClassStepDef.superAdminClickSaveButton()&amp;#27;[0m
</system-out>
    <system-err>SLF4J: No SLF4J providers were found.
SLF4J: Defaulting to no-operation (NOP) logger implementation
SLF4J: See https://www.slf4j.org/codes.html#noProviders for further details.
Starting Microsoft Edge WebDriver 111.0.1661.43 (b6e9cbf64f5a49997370859b5c1c28a3a25b3477) on port 21897
To submit feedback, report a bug, or suggest new features, please visit https://github.com/MicrosoftEdge/EdgeWebDriver

Only local connections are allowed.
Please see https://aka.ms/WebDriverSecurity for suggestions on keeping Microsoft Edge WebDriver safe.

Microsoft Edge WebDriver was started successfully.
Mar 17, 2023 4:39:29 PM org.openqa.selenium.devtools.CdpVersionFinder findNearestMatch
WARNING: Unable to find an exact match for CDP version 111, so returning the closest version found: 109
</system-err>
  </testcase>
  <testcase classname="Create Class" name="Admin create new class #2" time="10.991">
    <error message="Cannot locate option with text: Naruto Uzumaki
For documentation on this error, please visit: https://selenium.dev/exceptions/#no_such_element
Build info: version: &apos;4.8.0&apos;, revision: &apos;267030adea&apos;
System info: os.name: &apos;Windows 10&apos;, os.arch: &apos;amd64&apos;, os.version: &apos;10.0&apos;, java.version: &apos;15.0.2&apos;
Driver info: driver.version: unknown" type="org.openqa.selenium.NoSuchElementException">org.openqa.selenium.NoSuchElementException: Cannot locate option with text: Naruto Uzumaki
For documentation on this error, please visit: https://selenium.dev/exceptions/#no_such_element
Build info: version: &apos;4.8.0&apos;, revision: &apos;267030adea&apos;
System info: os.name: &apos;Windows 10&apos;, os.arch: &apos;amd64&apos;, os.version: &apos;10.0&apos;, java.version: &apos;15.0.2&apos;
Driver info: driver.version: unknown
	at org.openqa.selenium.support.ui.Select.selectByVisibleText(Select.java:153)
	at locator.classs.ClassPage.setMentorName(ClassPage.java:57)
	at step_definitions.classs.AdminClassStepDef.superAdminChooseMentor(AdminClassStepDef.java:41)
	at ✽.Super Admin choose mentor &quot;Naruto Uzumaki&quot;(classpath:features//class/AdminCreateClass.feature:13)
</error>
    <system-out>
@Automate @AdminCreate
Scenario Outline: Admin create new class                            &amp;#27;[90m# features//class/AdminCreateClass.feature:21&amp;#27;[0m
  &amp;#27;[32mGiven &amp;#27;[0m&amp;#27;[32mUser already in landing page&amp;#27;[0m                                &amp;#27;[90m# step_definitions.LogInOutSteps.userAlreadyInLandingPage()&amp;#27;[0m
  &amp;#27;[32mWhen &amp;#27;[0m&amp;#27;[32mUser input &amp;#27;[0m&amp;#27;[32m&amp;#27;[1m&quot;admin@alta.com&quot;&amp;#27;[0m&amp;#27;[32m as email and &amp;#27;[0m&amp;#27;[32m&amp;#27;[1m&quot;admin&quot;&amp;#27;[0m&amp;#27;[32m as password&amp;#27;[0m &amp;#27;[90m# step_definitions.LogInOutSteps.userInputAsEmailAndAsPassword(java.lang.String,java.lang.String)&amp;#27;[0m
  &amp;#27;[32mThen &amp;#27;[0m&amp;#27;[32mUser already in dashboard page&amp;#27;[0m                               &amp;#27;[90m# step_definitions.LogInOutSteps.userAlreadyInDashboardPage()&amp;#27;[0m
  &amp;#27;[32mThen &amp;#27;[0m&amp;#27;[32mSuper Admin click button of class page&amp;#27;[0m                       &amp;#27;[90m# step_definitions.classs.AdminClassStepDef.superAdminClickButtonOfClassPage()&amp;#27;[0m
  &amp;#27;[32mThen &amp;#27;[0m&amp;#27;[32mSuper Admin click add delete button&amp;#27;[0m                          &amp;#27;[90m# step_definitions.classs.AdminClassStepDef.superAdminClickAddDeleteButton()&amp;#27;[0m
  &amp;#27;[32mThen &amp;#27;[0m&amp;#27;[32mSuper Admin click add new button&amp;#27;[0m                             &amp;#27;[90m# step_definitions.classs.AdminClassStepDef.superAdminClickAddNewButton()&amp;#27;[0m
  &amp;#27;[32mThen &amp;#27;[0m&amp;#27;[32mSuper Admin input &amp;#27;[0m&amp;#27;[32m&amp;#27;[1m&quot;^&amp;*()_+&quot;&amp;#27;[0m                                  &amp;#27;[90m# step_definitions.classs.AdminClassStepDef.superAdminInput(java.lang.String)&amp;#27;[0m
  &amp;#27;[31mAnd &amp;#27;[0m&amp;#27;[31mSuper Admin choose mentor &amp;#27;[0m&amp;#27;[31m&amp;#27;[1m&quot;Naruto Uzumaki&quot;&amp;#27;[0m                    &amp;#27;[90m# step_definitions.classs.AdminClassStepDef.superAdminChooseMentor(java.lang.String)&amp;#27;[0m
      &amp;#27;[31morg.openqa.selenium.NoSuchElementException: Cannot locate option with text: Naruto Uzumaki
For documentation on this error, please visit: https://selenium.dev/exceptions/#no_such_element
Build info: version: &apos;4.8.0&apos;, revision: &apos;267030adea&apos;
System info: os.name: &apos;Windows 10&apos;, os.arch: &apos;amd64&apos;, os.version: &apos;10.0&apos;, java.version: &apos;15.0.2&apos;
Driver info: driver.version: unknown
	at org.openqa.selenium.support.ui.Select.selectByVisibleText(Select.java:153)
	at locator.classs.ClassPage.setMentorName(ClassPage.java:57)
	at step_definitions.classs.AdminClassStepDef.superAdminChooseMentor(AdminClassStepDef.java:41)
	at ✽.Super Admin choose mentor &quot;Naruto Uzumaki&quot;(classpath:features//class/AdminCreateClass.feature:13)
&amp;#27;[0m
  &amp;#27;[36mAnd &amp;#27;[0m&amp;#27;[36mSuper Admin choose mulai &amp;#27;[0m&amp;#27;[36m&amp;#27;[1m&quot;03/01/2023&quot;&amp;#27;[0m                         &amp;#27;[90m# step_definitions.classs.AdminClassStepDef.superAdminChooseMulai(java.lang.String)&amp;#27;[0m
  &amp;#27;[36mAnd &amp;#27;[0m&amp;#27;[36mSuper Admin choose akhir &amp;#27;[0m&amp;#27;[36m&amp;#27;[1m&quot;03/31/2023&quot;&amp;#27;[0m                         &amp;#27;[90m# step_definitions.classs.AdminClassStepDef.superAdminChooseAkhir(java.lang.String)&amp;#27;[0m
  &amp;#27;[36mThen &amp;#27;[0m&amp;#27;[36mSuper Admin click save button&amp;#27;[0m                                &amp;#27;[90m# step_definitions.classs.AdminClassStepDef.superAdminClickSaveButton()&amp;#27;[0m
</system-out>
    <system-err>Starting Microsoft Edge WebDriver 111.0.1661.43 (b6e9cbf64f5a49997370859b5c1c28a3a25b3477) on port 19571
To submit feedback, report a bug, or suggest new features, please visit https://github.com/MicrosoftEdge/EdgeWebDriver

Only local connections are allowed.
Please see https://aka.ms/WebDriverSecurity for suggestions on keeping Microsoft Edge WebDriver safe.

Microsoft Edge WebDriver was started successfully.
Mar 17, 2023 4:39:41 PM org.openqa.selenium.devtools.CdpVersionFinder findNearestMatch
WARNING: Unable to find an exact match for CDP version 111, so returning the closest version found: 109
</system-err>
  </testcase>
  <testcase classname="Create Class" name="Admin create new class #3" time="10.636">
    <error message="Cannot locate option with text: Naruto Uzumaki
For documentation on this error, please visit: https://selenium.dev/exceptions/#no_such_element
Build info: version: &apos;4.8.0&apos;, revision: &apos;267030adea&apos;
System info: os.name: &apos;Windows 10&apos;, os.arch: &apos;amd64&apos;, os.version: &apos;10.0&apos;, java.version: &apos;15.0.2&apos;
Driver info: driver.version: unknown" type="org.openqa.selenium.NoSuchElementException">org.openqa.selenium.NoSuchElementException: Cannot locate option with text: Naruto Uzumaki
For documentation on this error, please visit: https://selenium.dev/exceptions/#no_such_element
Build info: version: &apos;4.8.0&apos;, revision: &apos;267030adea&apos;
System info: os.name: &apos;Windows 10&apos;, os.arch: &apos;amd64&apos;, os.version: &apos;10.0&apos;, java.version: &apos;15.0.2&apos;
Driver info: driver.version: unknown
	at org.openqa.selenium.support.ui.Select.selectByVisibleText(Select.java:153)
	at locator.classs.ClassPage.setMentorName(ClassPage.java:57)
	at step_definitions.classs.AdminClassStepDef.superAdminChooseMentor(AdminClassStepDef.java:41)
	at ✽.Super Admin choose mentor &quot;Naruto Uzumaki&quot;(classpath:features//class/AdminCreateClass.feature:13)
</error>
    <system-out>
@Automate @AdminCreate
Scenario Outline: Admin create new class                            &amp;#27;[90m# features//class/AdminCreateClass.feature:22&amp;#27;[0m
  &amp;#27;[32mGiven &amp;#27;[0m&amp;#27;[32mUser already in landing page&amp;#27;[0m                                &amp;#27;[90m# step_definitions.LogInOutSteps.userAlreadyInLandingPage()&amp;#27;[0m
  &amp;#27;[32mWhen &amp;#27;[0m&amp;#27;[32mUser input &amp;#27;[0m&amp;#27;[32m&amp;#27;[1m&quot;admin@alta.com&quot;&amp;#27;[0m&amp;#27;[32m as email and &amp;#27;[0m&amp;#27;[32m&amp;#27;[1m&quot;admin&quot;&amp;#27;[0m&amp;#27;[32m as password&amp;#27;[0m &amp;#27;[90m# step_definitions.LogInOutSteps.userInputAsEmailAndAsPassword(java.lang.String,java.lang.String)&amp;#27;[0m
  &amp;#27;[32mThen &amp;#27;[0m&amp;#27;[32mUser already in dashboard page&amp;#27;[0m                               &amp;#27;[90m# step_definitions.LogInOutSteps.userAlreadyInDashboardPage()&amp;#27;[0m
  &amp;#27;[32mThen &amp;#27;[0m&amp;#27;[32mSuper Admin click button of class page&amp;#27;[0m                       &amp;#27;[90m# step_definitions.classs.AdminClassStepDef.superAdminClickButtonOfClassPage()&amp;#27;[0m
  &amp;#27;[32mThen &amp;#27;[0m&amp;#27;[32mSuper Admin click add delete button&amp;#27;[0m                          &amp;#27;[90m# step_definitions.classs.AdminClassStepDef.superAdminClickAddDeleteButton()&amp;#27;[0m
  &amp;#27;[32mThen &amp;#27;[0m&amp;#27;[32mSuper Admin click add new button&amp;#27;[0m                             &amp;#27;[90m# step_definitions.classs.AdminClassStepDef.superAdminClickAddNewButton()&amp;#27;[0m
  &amp;#27;[32mThen &amp;#27;[0m&amp;#27;[32mSuper Admin input &amp;#27;[0m&amp;#27;[32m&amp;#27;[1m&quot;&quot;&amp;#27;[0m                                         &amp;#27;[90m# step_definitions.classs.AdminClassStepDef.superAdminInput(java.lang.String)&amp;#27;[0m
  &amp;#27;[31mAnd &amp;#27;[0m&amp;#27;[31mSuper Admin choose mentor &amp;#27;[0m&amp;#27;[31m&amp;#27;[1m&quot;Naruto Uzumaki&quot;&amp;#27;[0m                    &amp;#27;[90m# step_definitions.classs.AdminClassStepDef.superAdminChooseMentor(java.lang.String)&amp;#27;[0m
      &amp;#27;[31morg.openqa.selenium.NoSuchElementException: Cannot locate option with text: Naruto Uzumaki
For documentation on this error, please visit: https://selenium.dev/exceptions/#no_such_element
Build info: version: &apos;4.8.0&apos;, revision: &apos;267030adea&apos;
System info: os.name: &apos;Windows 10&apos;, os.arch: &apos;amd64&apos;, os.version: &apos;10.0&apos;, java.version: &apos;15.0.2&apos;
Driver info: driver.version: unknown
	at org.openqa.selenium.support.ui.Select.selectByVisibleText(Select.java:153)
	at locator.classs.ClassPage.setMentorName(ClassPage.java:57)
	at step_definitions.classs.AdminClassStepDef.superAdminChooseMentor(AdminClassStepDef.java:41)
	at ✽.Super Admin choose mentor &quot;Naruto Uzumaki&quot;(classpath:features//class/AdminCreateClass.feature:13)
&amp;#27;[0m
  &amp;#27;[36mAnd &amp;#27;[0m&amp;#27;[36mSuper Admin choose mulai &amp;#27;[0m&amp;#27;[36m&amp;#27;[1m&quot;03/01/2023&quot;&amp;#27;[0m                         &amp;#27;[90m# step_definitions.classs.AdminClassStepDef.superAdminChooseMulai(java.lang.String)&amp;#27;[0m
  &amp;#27;[36mAnd &amp;#27;[0m&amp;#27;[36mSuper Admin choose akhir &amp;#27;[0m&amp;#27;[36m&amp;#27;[1m&quot;03/31/2023&quot;&amp;#27;[0m                         &amp;#27;[90m# step_definitions.classs.AdminClassStepDef.superAdminChooseAkhir(java.lang.String)&amp;#27;[0m
  &amp;#27;[36mThen &amp;#27;[0m&amp;#27;[36mSuper Admin click save button&amp;#27;[0m                                &amp;#27;[90m# step_definitions.classs.AdminClassStepDef.superAdminClickSaveButton()&amp;#27;[0m
</system-out>
    <system-err>Starting Microsoft Edge WebDriver 111.0.1661.43 (b6e9cbf64f5a49997370859b5c1c28a3a25b3477) on port 26195
To submit feedback, report a bug, or suggest new features, please visit https://github.com/MicrosoftEdge/EdgeWebDriver

Only local connections are allowed.
Please see https://aka.ms/WebDriverSecurity for suggestions on keeping Microsoft Edge WebDriver safe.

Microsoft Edge WebDriver was started successfully.
Mar 17, 2023 4:39:52 PM org.openqa.selenium.devtools.CdpVersionFinder findNearestMatch
WARNING: Unable to find an exact match for CDP version 111, so returning the closest version found: 109
</system-err>
  </testcase>
</testsuite>